============================================================
  WHISPER LARGE V3 FINE-TUNING PIPELINE - RUSSIAN CONFIG
============================================================
Normalizing metadata.csv columns...

[1/7] Loading dataset...
  Training samples: 156
  Validation samples: 18
  Text column: 'transcription'

[2/7] Loading Whisper processor...

[3/7] Preprocessing audio and text labels...

[4/7] Loading pre-trained Whisper model...
  Model parameters: 1543M

[5/7] Configuring training...

[6/7] Initializing trainer...

[7/7] Starting training...
------------------------------------------------------------
  0%|          | 0/900 [00:00<?, ?it/s]Traceback (most recent call last):
  File "/home/cam/git/modyco/nenets/scripts/3_train_whisper_large_ru.py", line 186, in <module>
    main()
  File "/home/cam/git/modyco/nenets/scripts/3_train_whisper_large_ru.py", line 176, in main
    trainer.train()
  File "/home/cam/.pyenv/versions/3.11.13/lib/python3.11/site-packages/transformers/trainer.py", line 2123, in train
    return inner_training_loop(
           ^^^^^^^^^^^^^^^^^^^^
  File "/home/cam/.pyenv/versions/3.11.13/lib/python3.11/site-packages/transformers/trainer.py", line 2481, in _inner_training_loop
    tr_loss_step = self.training_step(model, inputs, num_items_in_batch)
                   ^^^^^^^^^^^^^^^^^^^^^^^^^^^^^^^^^^^^^^^^^^^^^^^^^^^^^
  File "/home/cam/.pyenv/versions/3.11.13/lib/python3.11/site-packages/transformers/trainer.py", line 3579, in training_step
    loss = self.compute_loss(model, inputs, num_items_in_batch=num_items_in_batch)
           ^^^^^^^^^^^^^^^^^^^^^^^^^^^^^^^^^^^^^^^^^^^^^^^^^^^^^^^^^^^^^^^^^^^^^^^
  File "/home/cam/.pyenv/versions/3.11.13/lib/python3.11/site-packages/transformers/trainer.py", line 3633, in compute_loss
    outputs = model(**inputs)
              ^^^^^^^^^^^^^^^
  File "/home/cam/.pyenv/versions/3.11.13/lib/python3.11/site-packages/torch/nn/modules/module.py", line 1736, in _wrapped_call_impl
    return self._call_impl(*args, **kwargs)
           ^^^^^^^^^^^^^^^^^^^^^^^^^^^^^^^^
  File "/home/cam/.pyenv/versions/3.11.13/lib/python3.11/site-packages/torch/nn/modules/module.py", line 1747, in _call_impl
    return forward_call(*args, **kwargs)
           ^^^^^^^^^^^^^^^^^^^^^^^^^^^^^
  File "/home/cam/.pyenv/versions/3.11.13/lib/python3.11/site-packages/accelerate/utils/operations.py", line 819, in forward
    return model_forward(*args, **kwargs)
           ^^^^^^^^^^^^^^^^^^^^^^^^^^^^^^
  File "/home/cam/.pyenv/versions/3.11.13/lib/python3.11/site-packages/accelerate/utils/operations.py", line 807, in __call__
    return convert_to_fp32(self.model_forward(*args, **kwargs))
                           ^^^^^^^^^^^^^^^^^^^^^^^^^^^^^^^^^^^
  File "/home/cam/.pyenv/versions/3.11.13/lib/python3.11/site-packages/torch/amp/autocast_mode.py", line 44, in decorate_autocast
    return func(*args, **kwargs)
           ^^^^^^^^^^^^^^^^^^^^^
  File "/home/cam/.pyenv/versions/3.11.13/lib/python3.11/site-packages/transformers/models/whisper/modeling_whisper.py", line 1767, in forward
    outputs = self.model(
              ^^^^^^^^^^^
  File "/home/cam/.pyenv/versions/3.11.13/lib/python3.11/site-packages/torch/nn/modules/module.py", line 1736, in _wrapped_call_impl
    return self._call_impl(*args, **kwargs)
           ^^^^^^^^^^^^^^^^^^^^^^^^^^^^^^^^
  File "/home/cam/.pyenv/versions/3.11.13/lib/python3.11/site-packages/torch/nn/modules/module.py", line 1747, in _call_impl
    return forward_call(*args, **kwargs)
           ^^^^^^^^^^^^^^^^^^^^^^^^^^^^^
  File "/home/cam/.pyenv/versions/3.11.13/lib/python3.11/site-packages/transformers/models/whisper/modeling_whisper.py", line 1618, in forward
    encoder_outputs = self.encoder(
                      ^^^^^^^^^^^^^
  File "/home/cam/.pyenv/versions/3.11.13/lib/python3.11/site-packages/torch/nn/modules/module.py", line 1736, in _wrapped_call_impl
    return self._call_impl(*args, **kwargs)
           ^^^^^^^^^^^^^^^^^^^^^^^^^^^^^^^^
  File "/home/cam/.pyenv/versions/3.11.13/lib/python3.11/site-packages/torch/nn/modules/module.py", line 1747, in _call_impl
    return forward_call(*args, **kwargs)
           ^^^^^^^^^^^^^^^^^^^^^^^^^^^^^
  File "/home/cam/.pyenv/versions/3.11.13/lib/python3.11/site-packages/transformers/models/whisper/modeling_whisper.py", line 1059, in forward
    layer_outputs = self._gradient_checkpointing_func(
                    ^^^^^^^^^^^^^^^^^^^^^^^^^^^^^^^^^^
  File "/home/cam/.pyenv/versions/3.11.13/lib/python3.11/site-packages/torch/_compile.py", line 32, in inner
    return disable_fn(*args, **kwargs)
           ^^^^^^^^^^^^^^^^^^^^^^^^^^^
  File "/home/cam/.pyenv/versions/3.11.13/lib/python3.11/site-packages/torch/_dynamo/eval_frame.py", line 632, in _fn
    return fn(*args, **kwargs)
           ^^^^^^^^^^^^^^^^^^^
  File "/home/cam/.pyenv/versions/3.11.13/lib/python3.11/site-packages/torch/utils/checkpoint.py", line 489, in checkpoint
    return CheckpointFunction.apply(function, preserve, *args)
           ^^^^^^^^^^^^^^^^^^^^^^^^^^^^^^^^^^^^^^^^^^^^^^^^^^^
  File "/home/cam/.pyenv/versions/3.11.13/lib/python3.11/site-packages/torch/autograd/function.py", line 575, in apply
    return super().apply(*args, **kwargs)  # type: ignore[misc]
           ^^^^^^^^^^^^^^^^^^^^^^^^^^^^^^
  File "/home/cam/.pyenv/versions/3.11.13/lib/python3.11/site-packages/torch/utils/checkpoint.py", line 264, in forward
    outputs = run_function(*args)
              ^^^^^^^^^^^^^^^^^^^
  File "/home/cam/.pyenv/versions/3.11.13/lib/python3.11/site-packages/torch/nn/modules/module.py", line 1736, in _wrapped_call_impl
    return self._call_impl(*args, **kwargs)
           ^^^^^^^^^^^^^^^^^^^^^^^^^^^^^^^^
  File "/home/cam/.pyenv/versions/3.11.13/lib/python3.11/site-packages/torch/nn/modules/module.py", line 1747, in _call_impl
    return forward_call(*args, **kwargs)
           ^^^^^^^^^^^^^^^^^^^^^^^^^^^^^
  File "/home/cam/.pyenv/versions/3.11.13/lib/python3.11/site-packages/transformers/models/whisper/modeling_whisper.py", line 618, in forward
    hidden_states, attn_weights, _ = self.self_attn(
                                     ^^^^^^^^^^^^^^^
  File "/home/cam/.pyenv/versions/3.11.13/lib/python3.11/site-packages/torch/nn/modules/module.py", line 1736, in _wrapped_call_impl
    return self._call_impl(*args, **kwargs)
           ^^^^^^^^^^^^^^^^^^^^^^^^^^^^^^^^
  File "/home/cam/.pyenv/versions/3.11.13/lib/python3.11/site-packages/torch/nn/modules/module.py", line 1747, in _call_impl
    return forward_call(*args, **kwargs)
           ^^^^^^^^^^^^^^^^^^^^^^^^^^^^^
  File "/home/cam/.pyenv/versions/3.11.13/lib/python3.11/site-packages/transformers/models/whisper/modeling_whisper.py", line 545, in forward
    attn_output = torch.nn.functional.scaled_dot_product_attention(
                  ^^^^^^^^^^^^^^^^^^^^^^^^^^^^^^^^^^^^^^^^^^^^^^^^^
KeyboardInterrupt
  0%|          | 0/900 [00:09<?, ?it/s]
